Android Project/app/build/intermediates/manifest_merge_blame_file/release/processReleaseMainManifest/manifest-merger-blame-release-report.txt
1<?xml version="1.0" encoding="utf-8"?>
2<manifest xmlns:android="http://schemas.android.com/apk/res/android"
3    package="com.unlockmusic.android"
4    android:versionCode="2"
5    android:versionName="2.0" >
6
7    <uses-sdk
8        android:minSdkVersion="24"
9        android:targetSdkVersion="34" />
10
11    <uses-permission
11-->src\main\AndroidManifest.xml:5:5-6:38
12        android:name="android.permission.READ_EXTERNAL_STORAGE"
12-->src\main\AndroidManifest.xml:5:22-77
13        android:maxSdkVersion="32" />
13-->src\main\AndroidManifest.xml:6:9-35
14    <uses-permission
14-->src\main\AndroidManifest.xml:7:5-9:40
15        android:name="android.permission.WRITE_EXTERNAL_STORAGE"
15-->src\main\AndroidManifest.xml:7:22-78
16        android:maxSdkVersion="29" />
16-->src\main\AndroidManifest.xml:8:9-35
17    <uses-permission android:name="android.permission.READ_MEDIA_AUDIO" />
17-->src\main\AndroidManifest.xml:10:5-75
17-->src\main\AndroidManifest.xml:10:22-72
18
19    <permission
19-->[androidx.core:core:1.12.0] AndroidManifest.xml:22:5-24:47
20        android:name="com.unlockmusic.android.DYNAMIC_RECEIVER_NOT_EXPORTED_PERMISSION"
20-->[androidx.core:core:1.12.0] AndroidManifest.xml:23:9-81
21        android:protectionLevel="signature" />
21-->[androidx.core:core:1.12.0] AndroidManifest.xml:24:9-44
22
23    <uses-permission android:name="com.unlockmusic.android.DYNAMIC_RECEIVER_NOT_EXPORTED_PERMISSION" />
23-->[androidx.core:core:1.12.0] AndroidManifest.xml:26:5-97
23-->[androidx.core:core:1.12.0] AndroidManifest.xml:26:22-94
24
25    <application
25-->src\main\AndroidManifest.xml:12:5-52:19
26        android:allowBackup="true"
26-->src\main\AndroidManifest.xml:13:9-35
27        android:appComponentFactory="androidx.core.app.CoreComponentFactory"
27-->[androidx.core:core:1.12.0] AndroidManifest.xml:28:18-86
28        android:extractNativeLibs="false"
29        android:icon="@mipmap/ic_launcher"
29-->src\main\AndroidManifest.xml:14:9-43
30        android:label="@string/app_name"
30-->src\main\AndroidManifest.xml:15:9-41
31        android:requestLegacyExternalStorage="true"
31-->src\main\AndroidManifest.xml:19:9-52
32        android:roundIcon="@mipmap/ic_launcher"
32-->src\main\AndroidManifest.xml:16:9-48
33        android:supportsRtl="true"
33-->src\main\AndroidManifest.xml:17:9-35
34        android:theme="@style/Theme.UnlockMusic" >
34-->src\main\AndroidManifest.xml:18:9-49
35        <activity
35-->src\main\AndroidManifest.xml:22:9-41:20
36            android:name="com.unlockmusic.android.ui.MainActivity"
36-->src\main\AndroidManifest.xml:23:13-44
37            android:exported="true"
37-->src\main\AndroidManifest.xml:24:13-36
38            android:theme="@style/Theme.UnlockMusic" >
38-->src\main\AndroidManifest.xml:25:13-53
39            <intent-filter>
39-->src\main\AndroidManifest.xml:26:13-29:29
40                <action android:name="android.intent.action.MAIN" />
40-->src\main\AndroidManifest.xml:27:17-69
40-->src\main\AndroidManifest.xml:27:25-66
41
42                <category android:name="android.intent.category.LAUNCHER" />
42-->src\main\AndroidManifest.xml:28:17-77
42-->src\main\AndroidManifest.xml:28:27-74
43            </intent-filter>
44            <!-- 接收来自MT管理器等应用的分享文件 -->
45            <intent-filter>
45-->src\main\AndroidManifest.xml:31:13-35:29
46                <action android:name="android.intent.action.SEND" />
46-->src\main\AndroidManifest.xml:32:17-69
46-->src\main\AndroidManifest.xml:32:25-66
47
48                <category android:name="android.intent.category.DEFAULT" />
48-->src\main\AndroidManifest.xml:33:17-76
48-->src\main\AndroidManifest.xml:33:27-73
49
50                <data android:mimeType="*/*" />
50-->src\main\AndroidManifest.xml:34:17-48
50-->src\main\AndroidManifest.xml:34:23-45
51            </intent-filter>
52            <intent-filter>
52-->src\main\AndroidManifest.xml:36:13-40:29
53                <action android:name="android.intent.action.SEND_MULTIPLE" />
53-->src\main\AndroidManifest.xml:37:17-78
53-->src\main\AndroidManifest.xml:37:25-75
54
55                <category android:name="android.intent.category.DEFAULT" />
55-->src\main\AndroidManifest.xml:33:17-76
55-->src\main\AndroidManifest.xml:33:27-73
56
57                <data android:mimeType="*/*" />
57-->src\main\AndroidManifest.xml:34:17-48
57-->src\main\AndroidManifest.xml:34:23-45
58            </intent-filter>
59        </activity>
60
61        <provider
62            android:name="androidx.core.content.FileProvider"
62-->src\main\AndroidManifest.xml:44:13-62
63            android:authorities="com.unlockmusic.android.fileprovider"
63-->src\main\AndroidManifest.xml:45:13-64
64            android:exported="false"
64-->src\main\AndroidManifest.xml:46:13-37
65            android:grantUriPermissions="true" >
65-->src\main\AndroidManifest.xml:47:13-47
66            <meta-data
66-->src\main\AndroidManifest.xml:48:13-50:54
67                android:name="android.support.FILE_PROVIDER_PATHS"
67-->src\main\AndroidManifest.xml:49:17-67
68                android:resource="@xml/file_paths" />
68-->src\main\AndroidManifest.xml:50:17-51
69        </provider>
70        <provider
70-->[androidx.emoji2:emoji2:1.2.0] AndroidManifest.xml:24:9-32:20
71            android:name="androidx.startup.InitializationProvider"
71-->[androidx.emoji2:emoji2:1.2.0] AndroidManifest.xml:25:13-67
72            android:authorities="com.unlockmusic.android.androidx-startup"
72-->[androidx.emoji2:emoji2:1.2.0] AndroidManifest.xml:26:13-68
73            android:exported="false" >
73-->[androidx.emoji2:emoji2:1.2.0] AndroidManifest.xml:27:13-37
74            <meta-data
74-->[androidx.emoji2:emoji2:1.2.0] AndroidManifest.xml:29:13-31:52
75                android:name="androidx.emoji2.text.EmojiCompatInitializer"
75-->[androidx.emoji2:emoji2:1.2.0] AndroidManifest.xml:30:17-75
76                android:value="androidx.startup" />
76-->[androidx.emoji2:emoji2:1.2.0] AndroidManifest.xml:31:17-49
77            <meta-data
77-->[androidx.lifecycle:lifecycle-process:2.7.0] AndroidManifest.xml:29:13-31:52
78                android:name="androidx.lifecycle.ProcessLifecycleInitializer"
78-->[androidx.lifecycle:lifecycle-process:2.7.0] AndroidManifest.xml:30:17-78
79                android:value="androidx.startup" />
79-->[androidx.lifecycle:lifecycle-process:2.7.0] AndroidManifest.xml:31:17-49
80            <meta-data
80-->[androidx.profileinstaller:profileinstaller:1.3.0] AndroidManifest.xml:29:13-31:52
81                android:name="androidx.profileinstaller.ProfileInstallerInitializer"
81-->[androidx.profileinstaller:profileinstaller:1.3.0] AndroidManifest.xml:30:17-85
82                android:value="androidx.startup" />
82-->[androidx.profileinstaller:profileinstaller:1.3.0] AndroidManifest.xml:31:17-49
83        </provider>
84
85        <receiver
85-->[androidx.profileinstaller:profileinstaller:1.3.0] AndroidManifest.xml:34:9-52:20
86            android:name="androidx.profileinstaller.ProfileInstallReceiver"
86-->[androidx.profileinstaller:profileinstaller:1.3.0] AndroidManifest.xml:35:13-76
87            android:directBootAware="false"
87-->[androidx.profileinstaller:profileinstaller:1.3.0] AndroidManifest.xml:36:13-44
88            android:enabled="true"
88-->[androidx.profileinstaller:profileinstaller:1.3.0] AndroidManifest.xml:37:13-35
89            android:exported="true"
89-->[androidx.profileinstaller:profileinstaller:1.3.0] AndroidManifest.xml:38:13-36
90            android:permission="android.permission.DUMP" >
90-->[androidx.profileinstaller:profileinstaller:1.3.0] AndroidManifest.xml:39:13-57
91            <intent-filter>
91-->[androidx.profileinstaller:profileinstaller:1.3.0] AndroidManifest.xml:40:13-42:29
92                <action android:name="androidx.profileinstaller.action.INSTALL_PROFILE" />
92-->[androidx.profileinstaller:profileinstaller:1.3.0] AndroidManifest.xml:41:17-91
92-->[androidx.profileinstaller:profileinstaller:1.3.0] AndroidManifest.xml:41:25-88
93            </intent-filter>
94            <intent-filter>
94-->[androidx.profileinstaller:profileinstaller:1.3.0] AndroidManifest.xml:43:13-45:29
95                <action android:name="androidx.profileinstaller.action.SKIP_FILE" />
95-->[androidx.profileinstaller:profileinstaller:1.3.0] AndroidManifest.xml:44:17-85
95-->[androidx.profileinstaller:profileinstaller:1.3.0] AndroidManifest.xml:44:25-82
96            </intent-filter>
97            <intent-filter>
97-->[androidx.profileinstaller:profileinstaller:1.3.0] AndroidManifest.xml:46:13-48:29
98                <action android:name="androidx.profileinstaller.action.SAVE_PROFILE" />
98-->[androidx.profileinstaller:profileinstaller:1.3.0] AndroidManifest.xml:47:17-88
98-->[androidx.profileinstaller:profileinstaller:1.3.0] AndroidManifest.xml:47:25-85
99            </intent-filter>
100            <intent-filter>
100-->[androidx.profileinstaller:profileinstaller:1.3.0] AndroidManifest.xml:49:13-51:29
101                <action android:name="androidx.profileinstaller.action.BENCHMARK_OPERATION" />
101-->[androidx.profileinstaller:profileinstaller:1.3.0] AndroidManifest.xml:50:17-95
101-->[androidx.profileinstaller:profileinstaller:1.3.0] AndroidManifest.xml:50:25-92
102            </intent-filter>
103        </receiver>
104    </application>
105
106</manifest>